[debug] [2025-07-24T08:17:36.001Z] ----------------------------------------------------------------------
[debug] [2025-07-24T08:17:36.004Z] Command:       /opt/homebrew/Cellar/node/23.9.0/bin/node /usr/local/bin/firebase init functions
[debug] [2025-07-24T08:17:36.004Z] CLI Version:   14.11.1
[debug] [2025-07-24T08:17:36.005Z] Platform:      darwin
[debug] [2025-07-24T08:17:36.005Z] Node Version:  v23.9.0
[debug] [2025-07-24T08:17:36.005Z] Time:          Thu Jul 24 2025 17:17:36 GMT+0900 (대한민국 표준시)
[debug] [2025-07-24T08:17:36.005Z] ----------------------------------------------------------------------
[debug] 
[debug] [2025-07-24T08:17:36.171Z] > command requires scopes: ["email","openid","https://www.googleapis.com/auth/cloudplatformprojects.readonly","https://www.googleapis.com/auth/firebase","https://www.googleapis.com/auth/cloud-platform"]
[debug] [2025-07-24T08:17:36.172Z] > authorizing via signed-in user (hunyji34@gmail.com)
[info] 
     ######## #### ########  ######## ########     ###     ######  ########
     ##        ##  ##     ## ##       ##     ##  ##   ##  ##       ##
     ######    ##  ########  ######   ########  #########  ######  ######
     ##        ##  ##    ##  ##       ##     ## ##     ##       ## ##
     ##       #### ##     ## ######## ########  ##     ##  ######  ########

You're about to initialize a Firebase project in this directory:

  /Users/hyunji/Desktop/notice_cuk/notice_cuk

Before we get started, keep in mind:

  * You are initializing within an existing Firebase project directory

[info] 
=== Project Setup
[info] 
[info] First, let's associate this project directory with a Firebase project.
[info] You can create multiple project aliases by running firebase use --add, 
[info] but for now we'll just set up a default project.
[info] 
[debug] [2025-07-24T08:17:36.175Z] Using project from CLI flag: cuk-alarm-c7f09
[debug] [2025-07-24T08:17:36.175Z] Checked if tokens are valid: false, expires at: 1753343795439
[debug] [2025-07-24T08:17:36.175Z] Checked if tokens are valid: false, expires at: 1753343795439
[debug] [2025-07-24T08:17:36.176Z] > refreshing access token with scopes: []
[debug] [2025-07-24T08:17:36.178Z] >>> [apiv2][query] POST https://www.googleapis.com/oauth2/v3/token [none]
[debug] [2025-07-24T08:17:36.178Z] >>> [apiv2][body] POST https://www.googleapis.com/oauth2/v3/token [omitted]
[debug] [2025-07-24T08:17:36.895Z] <<< [apiv2][status] POST https://www.googleapis.com/oauth2/v3/token 200
[debug] [2025-07-24T08:17:36.895Z] <<< [apiv2][body] POST https://www.googleapis.com/oauth2/v3/token [omitted]
[debug] [2025-07-24T08:17:36.906Z] >>> [apiv2][query] GET https://firebase.googleapis.com/v1beta1/projects/cuk-alarm-c7f09 [none]
[debug] [2025-07-24T08:17:37.731Z] <<< [apiv2][status] GET https://firebase.googleapis.com/v1beta1/projects/cuk-alarm-c7f09 200
[debug] [2025-07-24T08:17:37.731Z] <<< [apiv2][body] GET https://firebase.googleapis.com/v1beta1/projects/cuk-alarm-c7f09 {"projectId":"cuk-alarm-c7f09","projectNumber":"984432791868","displayName":"cuk-alarm","name":"projects/cuk-alarm-c7f09","resources":{"hostingSite":"cuk-alarm-c7f09"},"state":"ACTIVE","etag":"1_191d1466-47a6-4089-ab60-4ba3935187aa"}
[info] i  Using project cuk-alarm-c7f09 (cuk-alarm) 
[info] 
=== Functions Setup
[debug] [2025-07-24T08:17:37.738Z] > command requires scopes: ["email","openid","https://www.googleapis.com/auth/cloudplatformprojects.readonly","https://www.googleapis.com/auth/firebase","https://www.googleapis.com/auth/cloud-platform"]
[debug] [2025-07-24T08:17:37.738Z] > authorizing via signed-in user (hunyji34@gmail.com)
[debug] [2025-07-24T08:17:37.738Z] [iam] checking project cuk-alarm-c7f09 for permissions ["firebase.projects.get"]
[debug] [2025-07-24T08:17:37.739Z] Checked if tokens are valid: true, expires at: 1753348655895
[debug] [2025-07-24T08:17:37.739Z] Checked if tokens are valid: true, expires at: 1753348655895
[debug] [2025-07-24T08:17:37.739Z] >>> [apiv2][query] POST https://cloudresourcemanager.googleapis.com/v1/projects/cuk-alarm-c7f09:testIamPermissions [none]
[debug] [2025-07-24T08:17:37.739Z] >>> [apiv2][(partial)header] POST https://cloudresourcemanager.googleapis.com/v1/projects/cuk-alarm-c7f09:testIamPermissions x-goog-quota-user=projects/cuk-alarm-c7f09
[debug] [2025-07-24T08:17:37.739Z] >>> [apiv2][body] POST https://cloudresourcemanager.googleapis.com/v1/projects/cuk-alarm-c7f09:testIamPermissions {"permissions":["firebase.projects.get"]}
[debug] [2025-07-24T08:17:38.407Z] <<< [apiv2][status] POST https://cloudresourcemanager.googleapis.com/v1/projects/cuk-alarm-c7f09:testIamPermissions 200
[debug] [2025-07-24T08:17:38.407Z] <<< [apiv2][body] POST https://cloudresourcemanager.googleapis.com/v1/projects/cuk-alarm-c7f09:testIamPermissions {"permissions":["firebase.projects.get"]}
[info] Let's create a new codebase for your functions.
[info] A directory corresponding to the codebase will be created in your project
[info] with sample code pre-configured.

[info] See https://firebase.google.com/docs/functions/organize-functions for
[info] more information on organizing your functions using codebases.

[info] Functions can be deployed with firebase deploy.

